{"message":"COuld not get the genres","stack":"Error: COuld not get the genres\n    at /Users/office/Desktop/Learning/MasteringNode/vidly/routes/genres.js:9:11\n    at newFn (/Users/office/Desktop/Learning/MasteringNode/vidly/node_modules/express-async-errors/index.js:16:20)\n    at Layer.handle [as handle_request] (/Users/office/Desktop/Learning/MasteringNode/vidly/node_modules/express/lib/router/layer.js:95:5)\n    at next (/Users/office/Desktop/Learning/MasteringNode/vidly/node_modules/express/lib/router/route.js:137:13)\n    at Route.dispatch (/Users/office/Desktop/Learning/MasteringNode/vidly/node_modules/express/lib/router/route.js:112:3)\n    at newFn (/Users/office/Desktop/Learning/MasteringNode/vidly/node_modules/express-async-errors/index.js:16:20)\n    at Layer.handle [as handle_request] (/Users/office/Desktop/Learning/MasteringNode/vidly/node_modules/express/lib/router/layer.js:95:5)\n    at /Users/office/Desktop/Learning/MasteringNode/vidly/node_modules/express/lib/router/index.js:281:22\n    at Function.process_params (/Users/office/Desktop/Learning/MasteringNode/vidly/node_modules/express/lib/router/index.js:335:12)\n    at next (/Users/office/Desktop/Learning/MasteringNode/vidly/node_modules/express/lib/router/index.js:275:10)\n    at Function.handle (/Users/office/Desktop/Learning/MasteringNode/vidly/node_modules/express/lib/router/index.js:174:3)\n    at router (/Users/office/Desktop/Learning/MasteringNode/vidly/node_modules/express/lib/router/index.js:47:12)\n    at newFn (/Users/office/Desktop/Learning/MasteringNode/vidly/node_modules/express-async-errors/index.js:16:20)\n    at Layer.handle [as handle_request] (/Users/office/Desktop/Learning/MasteringNode/vidly/node_modules/express/lib/router/layer.js:95:5)\n    at trim_prefix (/Users/office/Desktop/Learning/MasteringNode/vidly/node_modules/express/lib/router/index.js:317:13)\n    at /Users/office/Desktop/Learning/MasteringNode/vidly/node_modules/express/lib/router/index.js:284:7\n    at Function.process_params (/Users/office/Desktop/Learning/MasteringNode/vidly/node_modules/express/lib/router/index.js:335:12)\n    at next (/Users/office/Desktop/Learning/MasteringNode/vidly/node_modules/express/lib/router/index.js:275:10)\n    at jsonParser (/Users/office/Desktop/Learning/MasteringNode/vidly/node_modules/body-parser/lib/types/json.js:110:7)\n    at newFn (/Users/office/Desktop/Learning/MasteringNode/vidly/node_modules/express-async-errors/index.js:16:20)\n    at Layer.handle [as handle_request] (/Users/office/Desktop/Learning/MasteringNode/vidly/node_modules/express/lib/router/layer.js:95:5)\n    at trim_prefix (/Users/office/Desktop/Learning/MasteringNode/vidly/node_modules/express/lib/router/index.js:317:13)","level":"error","timestamp":"2020-04-18T22:31:41.137Z"}
{"message":"COuld not get the genres","stack":"Error: COuld not get the genres\n    at /Users/office/Desktop/Learning/MasteringNode/vidly/routes/genres.js:9:11\n    at newFn (/Users/office/Desktop/Learning/MasteringNode/vidly/node_modules/express-async-errors/index.js:16:20)\n    at Layer.handle [as handle_request] (/Users/office/Desktop/Learning/MasteringNode/vidly/node_modules/express/lib/router/layer.js:95:5)\n    at next (/Users/office/Desktop/Learning/MasteringNode/vidly/node_modules/express/lib/router/route.js:137:13)\n    at Route.dispatch (/Users/office/Desktop/Learning/MasteringNode/vidly/node_modules/express/lib/router/route.js:112:3)\n    at newFn (/Users/office/Desktop/Learning/MasteringNode/vidly/node_modules/express-async-errors/index.js:16:20)\n    at Layer.handle [as handle_request] (/Users/office/Desktop/Learning/MasteringNode/vidly/node_modules/express/lib/router/layer.js:95:5)\n    at /Users/office/Desktop/Learning/MasteringNode/vidly/node_modules/express/lib/router/index.js:281:22\n    at Function.process_params (/Users/office/Desktop/Learning/MasteringNode/vidly/node_modules/express/lib/router/index.js:335:12)\n    at next (/Users/office/Desktop/Learning/MasteringNode/vidly/node_modules/express/lib/router/index.js:275:10)\n    at Function.handle (/Users/office/Desktop/Learning/MasteringNode/vidly/node_modules/express/lib/router/index.js:174:3)\n    at router (/Users/office/Desktop/Learning/MasteringNode/vidly/node_modules/express/lib/router/index.js:47:12)\n    at newFn (/Users/office/Desktop/Learning/MasteringNode/vidly/node_modules/express-async-errors/index.js:16:20)\n    at Layer.handle [as handle_request] (/Users/office/Desktop/Learning/MasteringNode/vidly/node_modules/express/lib/router/layer.js:95:5)\n    at trim_prefix (/Users/office/Desktop/Learning/MasteringNode/vidly/node_modules/express/lib/router/index.js:317:13)\n    at /Users/office/Desktop/Learning/MasteringNode/vidly/node_modules/express/lib/router/index.js:284:7\n    at Function.process_params (/Users/office/Desktop/Learning/MasteringNode/vidly/node_modules/express/lib/router/index.js:335:12)\n    at next (/Users/office/Desktop/Learning/MasteringNode/vidly/node_modules/express/lib/router/index.js:275:10)\n    at jsonParser (/Users/office/Desktop/Learning/MasteringNode/vidly/node_modules/body-parser/lib/types/json.js:110:7)\n    at newFn (/Users/office/Desktop/Learning/MasteringNode/vidly/node_modules/express-async-errors/index.js:16:20)\n    at Layer.handle [as handle_request] (/Users/office/Desktop/Learning/MasteringNode/vidly/node_modules/express/lib/router/layer.js:95:5)\n    at trim_prefix (/Users/office/Desktop/Learning/MasteringNode/vidly/node_modules/express/lib/router/index.js:317:13)","level":"error","timestamp":"2020-04-18T22:39:39.880Z"}
{"message":"Something went wrong","stack":"Error: Something went wrong\n    at Object.<anonymous> (/Users/office/Desktop/Learning/MasteringNode/vidly/index.js:26:7)\n    at Module._compile (internal/modules/cjs/loader.js:1158:30)\n    at Object.Module._extensions..js (internal/modules/cjs/loader.js:1178:10)\n    at Module.load (internal/modules/cjs/loader.js:1002:32)\n    at Function.Module._load (internal/modules/cjs/loader.js:901:14)\n    at Function.executeUserEntryPoint [as runMain] (internal/modules/run_main.js:74:12)\n    at internal/main/run_main_module.js:18:47","level":"error","timestamp":"2020-04-18T22:47:32.077Z"}
{"message":"SOMETHING FAILED MISERABLY","stack":"Error: SOMETHING FAILED MISERABLY\n    at Object.<anonymous> (/Users/office/Desktop/Learning/MasteringNode/vidly/index.js:31:26)\n    at Module._compile (internal/modules/cjs/loader.js:1158:30)\n    at Object.Module._extensions..js (internal/modules/cjs/loader.js:1178:10)\n    at Module.load (internal/modules/cjs/loader.js:1002:32)\n    at Function.Module._load (internal/modules/cjs/loader.js:901:14)\n    at Function.executeUserEntryPoint [as runMain] (internal/modules/run_main.js:74:12)\n    at internal/main/run_main_module.js:18:47","level":"error","timestamp":"2020-04-18T22:55:44.684Z"}
{"level":"info","message":"Listening on port 3000...","timestamp":"2020-04-19T19:02:15.924Z"}
{"level":"info","message":"Connected to mongodb://localhost/vidly_test...","timestamp":"2020-04-19T19:02:15.957Z"}
{"level":"info","message":"Listening on port 3000...","timestamp":"2020-04-19T19:03:07.749Z"}
{"level":"info","message":"Connected to mongodb://localhost/vidly_test...","timestamp":"2020-04-19T19:03:07.765Z"}
{"level":"info","message":"Listening on port 3000...","timestamp":"2020-04-19T19:05:05.478Z"}
{"level":"info","message":"Connected to mongodb://localhost/vidly_test...","timestamp":"2020-04-19T19:05:05.494Z"}
{"level":"info","message":"Listening on port 3000...","timestamp":"2020-04-19T19:05:33.495Z"}
{"level":"info","message":"Connected to mongodb://localhost/vidly_tests...","timestamp":"2020-04-19T19:05:33.513Z"}
{"level":"info","message":"Listening on port 3000...","timestamp":"2020-04-19T19:07:18.153Z"}
{"level":"info","message":"Connected to mongodb://localhost/vidly_tests...","timestamp":"2020-04-19T19:07:18.174Z"}
{"level":"info","message":"Listening on port 3000...","timestamp":"2020-04-19T19:08:35.739Z"}
{"level":"info","message":"Connected to mongodb://localhost/vidly_tests...","timestamp":"2020-04-19T19:08:35.756Z"}
{"level":"info","message":"Listening on port 3000...","timestamp":"2020-04-19T19:09:24.834Z"}
{"level":"info","message":"Connected to mongodb://localhost/vidly_tests...","timestamp":"2020-04-19T19:09:24.850Z"}
{"level":"info","message":"Listening on port 3000...","timestamp":"2020-04-19T19:14:38.107Z"}
{"level":"info","message":"Connected to mongodb://localhost/vidly_tests...","timestamp":"2020-04-19T19:14:38.137Z"}
{"level":"info","message":"Listening on port 3000...","timestamp":"2020-04-19T19:14:57.928Z"}
{"level":"info","message":"Connected to mongodb://localhost/vidly_tests...","timestamp":"2020-04-19T19:14:57.954Z"}
{"level":"info","message":"Listening on port 3000...","timestamp":"2020-04-19T19:15:42.782Z"}
{"level":"info","message":"Connected to mongodb://localhost/vidly_tests...","timestamp":"2020-04-19T19:15:42.805Z"}
{"level":"info","message":"Listening on port 3000...","timestamp":"2020-04-20T12:03:29.508Z"}
{"level":"info","message":"Connected to mongodb://localhost/vidly_tests...","timestamp":"2020-04-20T12:03:29.548Z"}
{"level":"info","message":"Connected to mongodb://localhost/vidly_tests...","timestamp":"2020-04-20T12:03:29.554Z"}
{"level":"info","message":"Listening on port 3000...","timestamp":"2020-04-20T12:03:29.623Z"}
{"level":"info","message":"Listening on port 3000...","timestamp":"2020-04-20T12:03:30.104Z"}
{"level":"info","message":"Connected to mongodb://localhost/vidly_tests...","timestamp":"2020-04-20T12:03:30.173Z"}
{"level":"info","message":"Listening on port 3000...","timestamp":"2020-04-20T12:03:56.231Z"}
{"level":"info","message":"Connected to mongodb://localhost/vidly_tests...","timestamp":"2020-04-20T12:03:56.252Z"}
{"level":"info","message":"Listening on port 3000...","timestamp":"2020-04-20T12:34:55.310Z"}
{"level":"info","message":"Connected to mongodb://localhost/vidly_tests...","timestamp":"2020-04-20T12:34:55.336Z"}
{"level":"info","message":"Listening on port 3000...","timestamp":"2020-04-20T12:34:55.347Z"}
{"level":"info","message":"Connected to mongodb://localhost/vidly_tests...","timestamp":"2020-04-20T12:34:55.360Z"}
{"level":"info","message":"Listening on port 3000...","timestamp":"2020-04-20T12:34:55.672Z"}
{"level":"info","message":"Connected to mongodb://localhost/vidly_tests...","timestamp":"2020-04-20T12:34:55.680Z"}
{"level":"info","message":"Listening on port 3000...","timestamp":"2020-04-20T12:35:11.053Z"}
{"level":"info","message":"Connected to mongodb://localhost/vidly_tests...","timestamp":"2020-04-20T12:35:11.079Z"}
{"level":"info","message":"Listening on port 3000...","timestamp":"2020-04-20T12:35:11.093Z"}
{"level":"info","message":"Connected to mongodb://localhost/vidly_tests...","timestamp":"2020-04-20T12:35:11.100Z"}
{"level":"info","message":"Listening on port 3000...","timestamp":"2020-04-20T12:35:11.494Z"}
{"level":"info","message":"Connected to mongodb://localhost/vidly_tests...","timestamp":"2020-04-20T12:35:11.556Z"}
{"level":"info","message":"Listening on port 3000...","timestamp":"2020-04-20T12:35:26.273Z"}
{"level":"info","message":"Connected to mongodb://localhost/vidly_tests...","timestamp":"2020-04-20T12:35:26.320Z"}
{"level":"info","message":"Listening on port 3000...","timestamp":"2020-04-20T12:35:26.412Z"}
{"level":"info","message":"Connected to mongodb://localhost/vidly_tests...","timestamp":"2020-04-20T12:35:26.436Z"}
{"level":"info","message":"Listening on port 3000...","timestamp":"2020-04-20T12:35:26.689Z"}
{"level":"info","message":"Connected to mongodb://localhost/vidly_tests...","timestamp":"2020-04-20T12:35:26.698Z"}
{"level":"info","message":"Listening on port 3000...","timestamp":"2020-04-20T12:35:56.502Z"}
{"level":"info","message":"Connected to mongodb://localhost/vidly_tests...","timestamp":"2020-04-20T12:35:56.532Z"}
{"level":"info","message":"Listening on port 3000...","timestamp":"2020-04-20T12:35:56.888Z"}
{"level":"info","message":"Connected to mongodb://localhost/vidly_tests...","timestamp":"2020-04-20T12:35:56.936Z"}
{"level":"info","message":"Listening on port 3000...","timestamp":"2020-04-20T12:35:57.482Z"}
{"level":"info","message":"Connected to mongodb://localhost/vidly_tests...","timestamp":"2020-04-20T12:35:57.495Z"}
{"level":"info","message":"Listening on port 3000...","timestamp":"2020-04-20T12:37:17.612Z"}
{"level":"info","message":"Connected to mongodb://localhost/vidly_tests...","timestamp":"2020-04-20T12:37:17.656Z"}
{"level":"info","message":"Connected to mongodb://localhost/vidly_tests...","timestamp":"2020-04-20T12:37:17.685Z"}
{"level":"info","message":"Listening on port 3000...","timestamp":"2020-04-20T12:37:18.113Z"}
{"level":"info","message":"Connected to mongodb://localhost/vidly_tests...","timestamp":"2020-04-20T12:37:18.131Z"}
{"level":"info","message":"Listening on port 3000...","timestamp":"2020-04-20T12:40:53.022Z"}
{"level":"info","message":"Connected to mongodb://localhost/vidly_tests...","timestamp":"2020-04-20T12:40:53.079Z"}
{"level":"info","message":"Listening on port 3000...","timestamp":"2020-04-20T12:40:53.502Z"}
{"level":"info","message":"Connected to mongodb://localhost/vidly_tests...","timestamp":"2020-04-20T12:40:53.514Z"}
{"level":"info","message":"Connected to mongodb://localhost/vidly_tests...","timestamp":"2020-04-20T12:40:53.526Z"}
{"level":"info","message":"Listening on port 3000...","timestamp":"2020-04-20T12:41:06.178Z"}
{"level":"info","message":"Connected to mongodb://localhost/vidly_tests...","timestamp":"2020-04-20T12:41:06.201Z"}
{"level":"info","message":"Listening on port 3000...","timestamp":"2020-04-20T12:41:06.199Z"}
{"level":"info","message":"Connected to mongodb://localhost/vidly_tests...","timestamp":"2020-04-20T12:41:06.251Z"}
{"level":"info","message":"Listening on port 3000...","timestamp":"2020-04-20T12:41:06.613Z"}
{"level":"info","message":"Connected to mongodb://localhost/vidly_tests...","timestamp":"2020-04-20T12:41:06.630Z"}
{"level":"info","message":"Listening on port 3000...","timestamp":"2020-04-20T12:43:00.488Z"}
{"level":"info","message":"Connected to mongodb://localhost/vidly_tests...","timestamp":"2020-04-20T12:43:00.530Z"}
{"level":"info","message":"Listening on port 3000...","timestamp":"2020-04-20T12:43:00.865Z"}
{"level":"info","message":"Connected to mongodb://localhost/vidly_tests...","timestamp":"2020-04-20T12:43:00.877Z"}
{"level":"info","message":"Connected to mongodb://localhost/vidly_tests...","timestamp":"2020-04-20T12:43:00.886Z"}
{"level":"info","message":"Listening on port 3000...","timestamp":"2020-04-20T12:44:23.499Z"}
{"level":"info","message":"Connected to mongodb://localhost/vidly_tests...","timestamp":"2020-04-20T12:44:23.551Z"}
{"level":"info","message":"Connected to mongodb://localhost/vidly_tests...","timestamp":"2020-04-20T12:44:23.565Z"}
{"level":"info","message":"Listening on port 3000...","timestamp":"2020-04-20T12:44:23.894Z"}
{"level":"info","message":"Connected to mongodb://localhost/vidly_tests...","timestamp":"2020-04-20T12:44:23.908Z"}
{"level":"info","message":"Listening on port 3000...","timestamp":"2020-04-20T12:45:34.711Z"}
{"level":"info","message":"Connected to mongodb://localhost/vidly_tests...","timestamp":"2020-04-20T12:45:34.755Z"}
{"level":"info","message":"Listening on port 3000...","timestamp":"2020-04-20T12:45:35.055Z"}
{"level":"info","message":"Connected to mongodb://localhost/vidly_tests...","timestamp":"2020-04-20T12:45:35.066Z"}
{"level":"info","message":"Connected to mongodb://localhost/vidly_tests...","timestamp":"2020-04-20T12:45:35.081Z"}
{"level":"info","message":"Listening on port 3000...","timestamp":"2020-04-20T12:45:51.665Z"}
{"level":"info","message":"Connected to mongodb://localhost/vidly_tests...","timestamp":"2020-04-20T12:45:51.727Z"}
{"level":"info","message":"Listening on port 3000...","timestamp":"2020-04-20T12:45:52.012Z"}
{"level":"info","message":"Connected to mongodb://localhost/vidly_tests...","timestamp":"2020-04-20T12:45:52.023Z"}
{"level":"info","message":"Connected to mongodb://localhost/vidly_tests...","timestamp":"2020-04-20T12:45:52.031Z"}
{"level":"info","message":"Listening on port 3000...","timestamp":"2020-04-20T13:08:42.359Z"}
{"level":"info","message":"Connected to mongodb://localhost/vidly_tests...","timestamp":"2020-04-20T13:08:42.398Z"}
{"level":"info","message":"Listening on port 3000...","timestamp":"2020-04-20T13:08:42.987Z"}
{"level":"info","message":"Connected to mongodb://localhost/vidly_tests...","timestamp":"2020-04-20T13:08:43.029Z"}
{"level":"info","message":"Listening on port 3000...","timestamp":"2020-04-20T13:08:43.417Z"}
{"level":"info","message":"Connected to mongodb://localhost/vidly_tests...","timestamp":"2020-04-20T13:08:43.426Z"}
{"level":"info","message":"Listening on port 3000...","timestamp":"2020-04-20T13:09:11.274Z"}
{"level":"info","message":"Connected to mongodb://localhost/vidly_tests...","timestamp":"2020-04-20T13:09:11.284Z"}
{"level":"info","message":"Listening on port 3000...","timestamp":"2020-04-20T13:09:11.659Z"}
{"level":"info","message":"Connected to mongodb://localhost/vidly_tests...","timestamp":"2020-04-20T13:09:11.665Z"}
{"level":"info","message":"Listening on port 3000...","timestamp":"2020-04-20T13:09:11.976Z"}
{"level":"info","message":"Connected to mongodb://localhost/vidly_tests...","timestamp":"2020-04-20T13:09:11.998Z"}
